TTLocalizer: Running in language: english
from toontown.toonbase.TTLocalizerEnglish import *
OTPLocalizer: Running in language: english
from otp.otpbase.OTPLocalizerEnglish import *
Preloading suits...
Preloading Toon heads...
Preloading avatars...
{401000001: <toontown.distributed.ToontownDistrict.ToontownDistrict instance at 0x19352878>}
__handleAvatarChooserDone: 100000001, 'Dizzy Picklewig', ('rls', 'ss', 's', 'm', 12, 0, 12, 12, 19, 8, 13, 8, 5, 0), 1
0
Reading DNA file... phase_4/dna/storage.pdna
Reading DNA file... phase_3.5/dna/storage_interior.pdna
Reading DNA file... phase_6/dna/storage_DD.pdna
Reading DNA file... phase_6/dna/halloween_props_storage_DD.pdna
Reading DNA file... phase_6/dna/storage_DD_sz.pdna
Reading DNA file... phase_6/dna/donalds_dock_sz.pdna
Traceback (most recent call last):
  File "toontown\safezone\DDPlayground.py", line 59, in __checkCameraUnderwater
    self.__submergeCamera()
  File "toontown\safezone\DDPlayground.py", line 74, in __submergeCamera
    self.loader.hood.setUnderwaterFog()
  File "toontown\hood\ToonHood.py", line 242, in setUnderwaterFog
    self.fog.setColor(self.underwaterColor)
AttributeError: DDHood instance has no attribute 'underwaterColor'
Traceback (most recent call last):
  File "otp\otpbase\OTPBase.py", line 236, in run
    taskMgr.run()
  File "C:\Panda3D-1.9.0\direct\task\Task.py", line 502, in run
    self.step()
  File "C:\Panda3D-1.9.0\direct\task\Task.py", line 460, in step
    self.mgr.poll()
  File "toontown\safezone\DDPlayground.py", line 59, in __checkCameraUnderwater
    self.__submergeCamera()
  File "toontown\safezone\DDPlayground.py", line 74, in __submergeCamera
    self.loader.hood.setUnderwaterFog()
  File "toontown\hood\ToonHood.py", line 242, in setUnderwaterFog
    self.fog.setColor(self.underwaterColor)
AttributeError: DDHood instance has no attribute 'underwaterColor'
