TTLocalizer: Running in language: english
from toontown.toonbase.TTLocalizerEnglish import *
OTPLocalizer: Running in language: english
from otp.otpbase.OTPLocalizerEnglish import *
Preloading suits...
Preloading Toon heads...
Preloading avatars...
{401000001: <toontown.distributed.ToontownDistrict.ToontownDistrict instance at 0x158B10A8>}
__handleAvatarChooserDone: 100000001, 'Dizzy Picklewig', ('rls', 'ss', 's', 'm', 12, 0, 12, 12, 19, 8, 13, 8, 5, 0), 1
0
Reading DNA file... phase_4/dna/storage.pdna
Reading DNA file... phase_3.5/dna/storage_interior.pdna
Reading DNA file... phase_4/dna/storage_TT.pdna
Reading DNA file... phase_4/dna/halloween_props_storage_TT.pdna
Reading DNA file... phase_4/dna/halloween_props_storage_TT_sz.pdna
Reading DNA file... phase_4/dna/storage_TT_sz.pdna
Reading DNA file... phase_4/dna/toontown_central_sz.pdna
:02-17-2015 20:04:50: setTalk: 100000001, 'Dizzy Picklewig', 'fwm'
:02-17-2015 20:04:58: setTalk: 100000001, 'Dizzy Picklewig', 'o_o..'
Reading DNA file... phase_5/dna/storage_town.pdna
Reading DNA file... phase_5/dna/storage_TT_town.pdna
Reading DNA file... phase_5/dna/toontown_central_2300.pdna
Battle Event localtoon-battle-event-3
:02-17-2015 20:06:22: setTalk: 100000001, 'Dizzy Picklewig', 'ok'
:02-17-2015 20:06:52: setTalk: 100000001, 'Dizzy Picklewig', ' '
:02-17-2015 20:06:53: setTalk: 100000001, 'Dizzy Picklewig', '?'
:02-17-2015 20:06:55: setTalk: 100000001, 'Dizzy Picklewig', 'lol ok'
OnscreenText.configure: mayChange == 0
OnscreenText.configure: mayChange == 0
OnscreenText.configure: mayChange == 0
OnscreenText.configure: mayChange == 0
Reading DNA file... phase_4/dna/storage.pdna
Reading DNA file... phase_3.5/dna/storage_interior.pdna
Reading DNA file... phase_6/dna/storage_OZ.pdna
Reading DNA file... phase_6/dna/storage_OZ_sz.pdna
Reading DNA file... phase_6/dna/outdoor_zone_sz.pdna
TIMER startTime 678
Traceback (most recent call last):
  File "toontown\safezone\OZPlayground.py", line 63, in __checkCameraUnderwater
    self.__submergeCamera()
  File "toontown\safezone\OZPlayground.py", line 78, in __submergeCamera
    self.loader.hood.setUnderwaterFog()
  File "toontown\hood\ToonHood.py", line 242, in setUnderwaterFog
    self.fog.setColor(self.underwaterColor)
AttributeError: OZHood instance has no attribute 'underwaterColor'
Traceback (most recent call last):
  File "otp\otpbase\OTPBase.py", line 236, in run
    taskMgr.run()
  File "C:\Panda3D-1.9.0\direct\task\Task.py", line 502, in run
    self.step()
  File "C:\Panda3D-1.9.0\direct\task\Task.py", line 460, in step
    self.mgr.poll()
  File "toontown\safezone\OZPlayground.py", line 63, in __checkCameraUnderwater
    self.__submergeCamera()
  File "toontown\safezone\OZPlayground.py", line 78, in __submergeCamera
    self.loader.hood.setUnderwaterFog()
  File "toontown\hood\ToonHood.py", line 242, in setUnderwaterFog
    self.fog.setColor(self.underwaterColor)
AttributeError: OZHood instance has no attribute 'underwaterColor'
